=== Starting Milog.co.il Scraper ===

Fetching words from database...
Found 737 unique words to process

Processing word 1/737: „Р„Р„Щ„У„Ф
Processing word 21/737: „Р„Ф„Ь„Щ„С„Ю„Ф
Processing word 41/737: „Р„Х„®„Т„Щ„†„Ь
Processing word 61/737: „Р„Щ„Х„†„Ф
Processing word 81/737: „Р„Ъ
Processing word 101/737: „Р„Ю„Щ„Ь„Щ„Ф
Processing word 121/737: „Р„°"„Р
Processing word 141/737: „Р„І„®„Щ„Ь„Я
Processing word 161/737: „Р„©„Ь„Т
Processing word 181/737: „С„Ф„®„С
Processing word 201/737: „С„Ц„Ч„Щ„Ь„Ф
Processing word 221/737: „С„Ь„Т„Щ
Processing word 241/737: „С„Ґ„Х„Ц
Processing word 261/737: „С„®„Ц„Щ„Ь„Щ„Ф
Processing word 281/737: „С„™„Ю„¶„Щ„™„Щ„Х„™
Processing word 301/737: „Т„С„©„Х„©„Щ„™
Processing word 321/737: „Т„Щ„®
Processing word 341/737: „Т„®„Х„Т„®„™
Processing word 361/737: „У„Х„Ь„І
Processing word 381/737: „У„†„Щ„°
Processing word 401/737: „Ф„Т„Щ„Щ„Ф
Processing word 421/737: „Ф„Ь„Щ„Х„Э
Processing word 441/737: „Ф„®„¶„Ь„Щ„Ф
Processing word 461/737: „Х„Щ„Х
Processing word 481/737: „Х„®„°„¶'„Ф
Processing word 501/737: „Ч„С„Ь
Processing word 521/737: „Ч„Ю„Х„°
Processing word 541/737: „Ш„Х„Я
Processing word 561/737: „Ш„®„Щ„Ш„Х„Я
Processing word 581/737: „Щ„Щ„§„Ф
Processing word 601/737: „Ы„Щ„§„Ф
Processing word 621/737: „Ь„Х„Р„Щ„°
Processing word 641/737: „Ь„Ю„С„У„Р
Processing word 661/737: „Ю„Р„Щ„®„Ю„Я
Processing word 681/737: „Ю„Ф„§„Ы„Я
Processing word 701/737: „Ю„Ш„Х„Ю„Ш„Э
Processing word 721/737: „Ю„Щ„©„®

=== Scraping Complete ===
Total synonyms: 4491
Total rhymes: 17091
g Complete ===
Total synonyms: 5030
Total rhymes: 17840
Ю„Х„®„Т„†„Щ„Щ„Ш
Processing word 361/578: „Ю„†„Ф„Ь„Щ
Processing word 381/578: „Ю„™„Х„Я
Processing word 401/578: „†„І„С
Processing word 421/578: „°„Щ„І„Х„®„Ь
Processing word 441/578: „Ґ„У„Щ„Я
Processing word 461/578: „§„Х„°„§„Р„Ш
Processing word 481/578: „§„®„Х„†„Ш„Х„Щ„Х
Processing word 501/578: „І„Х„Х„®„•
Processing word 521/578: „І„Щ„Щ„Ю„Я
Processing word 541/578: „®„Х„С„Щ
Processing word 561/578: „©„Р„§„™„†„Щ

=== Scraping Complete ===
Total synonyms: 3199
Total rhymes: 12237

Processing word 481/737: „Х„®„°„¶'„Ф
Processing word 501/737: „Ч„С„Ь
Processing word 521/737: „Ч„Ю„Х„°
Processing word 541/737: „Ш„Х„Я
Processing word 561/737: „Ш„®„Щ„Ш„Х„Я
Processing word 581/737: „Щ„Щ„§„Ф
Processing word 601/737: „Ы„Щ„§„Ф
Processing word 621/737: „Ь„Х„Р„Щ„°
Processing word 641/737: „Ь„Ю„С„У„Р
Processing word 661/737: „Ю„Р„Щ„®„Ю„Я
Processing word 681/737: „Ю„Ф„§„Ы„Я
Processing word 701/737: „Ю„Ш„Х„Ю„Ш„Э
Processing word 721/737: „Ю„Щ„©„®

=== Scraping Complete ===
Total synonyms: 4491
Total rhymes: 17091
rocessing word 701/737: „Ю„Ш„Х„Ю„Ш„Э
Processing word 721/737: „Ю„Щ„©„®

=== Scraping Complete ===
Total synonyms: 4491
Total rhymes: 17091
1/736: „Х„Х„Ь„Т„®„Щ
Processing word 621/736: „Х„Ь„†„°„Щ„Ф
Processing word 641/736: „Ц„Ч„Х„Ч
Processing word 661/736: „Ч„Х„Х„Р„Щ
Processing word 681/736: „Ч„Щ„™
Processing word 701/736: „Ч„™„Щ„Ю„Ф
Processing word 721/736: „Ш„Х„®„Ю„Ь„Щ„Я

=== Scraping Complete ===
Total synonyms: 4736
Total rhymes: 18000
ssing word 701/721: „Ц„С„Х
Processing word 721/721: „Ч„С„Ь

=== Scraping Complete ===
Total synonyms: 4450
Total rhymes: 17310
„©„†„Х
Processing word 701/721: „Ц„С„Х
Processing word 721/721: „Ч„С„Ь

=== Scraping Complete ===
Total synonyms: 4450
Total rhymes: 17310
„©„†„Х
Processing word 701/721: „Ц„С„Х
Processing word 721/721: „Ч„С„Ь

=== Scraping Complete ===
Total synonyms: 4450
Total rhymes: 17310
„©„†„Х
Processing word 701/721: „Ц„С„Х
Processing word 721/721: „Ч„С„Ь

=== Scraping Complete ===
Total synonyms: 4450
Total rhymes: 17310
„©„†„Х
Processing word 701/721: „Ц„С„Х
Processing word 721/721: „Ч„С„Ь

=== Scraping Complete ===
Total synonyms: 4450
Total rhymes: 17310
„©„†„Х
Processing word 701/721: „Ц„С„Х
Processing word 721/721: „Ч„С„Ь

=== Scraping Complete ===
Total synonyms: 4450
Total rhymes: 17310
„©„†„Х
Processing word 701/721: „Ц„С„Х
Processing word 721/721: „Ч„С„Ь

=== Scraping Complete ===
Total synonyms: 4450
Total rhymes: 17310
1: „Ф„©„Ч„™„Ф
Processing word 701/711: „Ф„™„Щ„Щ„Р„©

=== Scraping Complete ===
Total synonyms: 4776
Total rhymes: 17053
cessing word 681/711: „Ф„©„Ч„™„Ф
Processing word 701/711: „Ф„™„Щ„Щ„Р„©

=== Scraping Complete ===
Total synonyms: 4776
Total rhymes: 17053
ssing word 681/692: „Ф„І„©„Щ„Ч

=== Scraping Complete ===
Total synonyms: 4613
Total rhymes: 16352
cessing word 661/692: „Ф„°„Х„Х„Р„Ф
Processing word 681/692: „Ф„І„©„Щ„Ч

=== Scraping Complete ===
Total synonyms: 4613
Total rhymes: 16352
cessing word 661/692: „Ф„°„Х„Х„Р„Ф
Processing word 681/692: „Ф„І„©„Щ„Ч

=== Scraping Complete ===
Total synonyms: 4613
Total rhymes: 16352
661/692: „Ф„Т„Ь„Щ„У
Processing word 681/692: „Ф„Ч„Ь„Щ„Ш

=== Scraping Complete ===
Total synonyms: 4556
Total rhymes: 15983
ng word 661/692: „Ф„Т„Ь„Щ„У
Processing word 681/692: „Ф„Ч„Ь„Щ„Ш

=== Scraping Complete ===
Total synonyms: 4556
Total rhymes: 15983
ng word 661/692: „Ф„Т„Ь„Щ„У
Processing word 681/692: „Ф„Ч„Ь„Щ„Ш

=== Scraping Complete ===
Total synonyms: 4556
Total rhymes: 15983
ng word 661/692: „Ф„Т„Ь„Щ„У
Processing word 681/692: „Ф„Ч„Ь„Щ„Ш

=== Scraping Complete ===
Total synonyms: 4556
Total rhymes: 15983
ng word 661/692: „Ф„Т„Ь„Щ„У
Processing word 681/692: „Ф„Ч„Ь„Щ„Ш

=== Scraping Complete ===
Total synonyms: 4556
Total rhymes: 15983
ng word 661/692: „Ф„Т„Ь„Щ„У
Processing word 681/692: „Ф„Ч„Ь„Щ„Ш

=== Scraping Complete ===
Total synonyms: 4556
Total rhymes: 15983
ng word 661/692: „Ф„Т„Ь„Щ„У
Processing word 681/692: „Ф„Ч„Ь„Щ„Ш

=== Scraping Complete ===
Total synonyms: 4556
Total rhymes: 15983
ng word 661/692: „Ф„Т„Ь„Щ„У
Processing word 681/692: „Ф„Ч„Ь„Щ„Ш

=== Scraping Complete ===
Total synonyms: 4556
Total rhymes: 15983
666: „У„С„Ь„Ф

=== Scraping Complete ===
Total synonyms: 3995
Total rhymes: 14846
sing word 641/666: „Т„®„Ь„†„У
Processing word 661/666: „У„С„Ь„Ф

=== Scraping Complete ===
Total synonyms: 3995
Total rhymes: 14846
sing word 641/666: „Т„®„Ь„†„У
Processing word 661/666: „У„С„Ь„Ф

=== Scraping Complete ===
Total synonyms: 3995
Total rhymes: 14846
sing word 641/666: „Т„®„Ь„†„У
Processing word 661/666: „У„С„Ь„Ф

=== Scraping Complete ===
Total synonyms: 3995
Total rhymes: 14846
word 641/664: „Т„†„Х„Э
Processing word 661/664: „Т„®„Т„®„†„Х„™

=== Scraping Complete ===
Total synonyms: 4137
Total rhymes: 14882
 word 641/664: „Т„†„Х„Э
Processing word 661/664: „Т„®„Т„®„†„Х„™

=== Scraping Complete ===
Total synonyms: 4137
Total rhymes: 14882
 word 641/664: „Т„†„Х„Э
Processing word 661/664: „Т„®„Т„®„†„Х„™

=== Scraping Complete ===
Total synonyms: 4137
Total rhymes: 14882
 word 641/664: „Т„†„Х„Э
Processing word 661/664: „Т„®„Т„®„†„Х„™

=== Scraping Complete ===
Total synonyms: 4137
Total rhymes: 14882
 word 641/664: „Т„†„Х„Э
Processing word 661/664: „Т„®„Т„®„†„Х„™

=== Scraping Complete ===
Total synonyms: 4137
Total rhymes: 14882
 word 641/664: „Т„†„Х„Э
Processing word 661/664: „Т„®„Т„®„†„Х„™

=== Scraping Complete ===
Total synonyms: 4137
Total rhymes: 14882
 word 641/664: „Т„†„Х„Э
Processing word 661/664: „Т„®„Т„®„†„Х„™

=== Scraping Complete ===
Total synonyms: 4137
Total rhymes: 14882
 word 641/664: „Т„†„Х„Э
Processing word 661/664: „Т„®„Т„®„†„Х„™

=== Scraping Complete ===
Total synonyms: 4137
Total rhymes: 14882
 word 641/664: „Т„†„Х„Э
Processing word 661/664: „Т„®„Т„®„†„Х„™

=== Scraping Complete ===
Total synonyms: 4137
Total rhymes: 14882
 word 641/664: „Т„†„Х„Э
Processing word 661/664: „Т„®„Т„®„†„Х„™

=== Scraping Complete ===
Total synonyms: 4137
Total rhymes: 14882
 word 641/664: „Т„†„Х„Э
Processing word 661/664: „Т„®„Т„®„†„Х„™

=== Scraping Complete ===
Total synonyms: 4137
Total rhymes: 14882
 word 641/664: „Т„†„Х„Э
Processing word 661/664: „Т„®„Т„®„†„Х„™

=== Scraping Complete ===
Total synonyms: 4137
Total rhymes: 14882
 word 641/664: „Т„†„Х„Э
Processing word 661/664: „Т„®„Т„®„†„Х„™

=== Scraping Complete ===
Total synonyms: 4137
Total rhymes: 14882
 word 641/664: „Т„†„Х„Э
Processing word 661/664: „Т„®„Т„®„†„Х„™

=== Scraping Complete ===
Total synonyms: 4137
Total rhymes: 14882
 word 641/664: „Т„†„Х„Э
Processing word 661/664: „Т„®„Т„®„†„Х„™

=== Scraping Complete ===
Total synonyms: 4137
Total rhymes: 14882
 word 641/664: „Т„†„Х„Э
Processing word 661/664: „Т„®„Т„®„†„Х„™

=== Scraping Complete ===
Total synonyms: 4137
Total rhymes: 14882
 word 641/664: „Т„†„Х„Э
Processing word 661/664: „Т„®„Т„®„†„Х„™

=== Scraping Complete ===
Total synonyms: 4137
Total rhymes: 14882
 word 641/664: „Т„†„Х„Э
Processing word 661/664: „Т„®„Т„®„†„Х„™

=== Scraping Complete ===
Total synonyms: 4137
Total rhymes: 14882
cessing word 541/633: „Р„™„Р„Я
Processing word 561/633: „С„С„Щ„®„Х„®
Processing word 581/633: „С„Ф„Ь„Ф
Processing word 601/633: „С„Х„Ш„Щ„¶'„Ь„Щ
Processing word 621/633: „С„Х„†„У„°„Ш„Т

=== Scraping Complete ===
Total synonyms: 3422
Total rhymes: 11280
ng word 461/602: „Р„Ю„Ш„Щ„°„Ш
Processing word 481/602: „Р„†„Р„Ь„§„С„Щ„™
Processing word 501/602: „Р„†„Х„§„Ь„°
Processing word 521/602: „Р„†„Щ„Я
Processing word 541/602: „Р„°„Х„†„°„Щ„Х„Я
Processing word 561/602: „Р„°„§„®„Т„Х„°
Processing word 581/602: „Р„§„Ь„Ф
Processing word 601/602: „Р„¶„Ш„Ь„Ф

=== Scraping Complete ===
Total synonyms: 3142
Total rhymes: 9006
 521/595: „Р„Я
Processing word 541/595: „Р„†„Ф
Processing word 561/595: „Р„†„Ш„Щ„§„°„Ш„Щ
Processing word 581/595: „Р„†„®„Ы„Щ„°„Ш

=== Scraping Complete ===
Total synonyms: 3019
Total rhymes: 8651
onyms: 4690
Total rhymes: 17667
