=== Starting Note.co.il Scraper ===


[א] Processing letter...
  Fetching letter א page 1...
  Fetching letter א page 2...
  Fetching letter א page 3...
  Fetching letter א page 4...
  Fetching letter א page 5...
  Found 82 definitions
  Scraping 1/82...
  Scraping 11/82...
  Scraping 21/82...
  Scraping 31/82...
  Scraping 41/82...
  Scraping 51/82...
  Scraping 61/82...
  Scraping 71/82...
  Scraping 81/82...
  Inserted 717 definition-solution pairs
  Letter א complete: 82 definitions

[ב] Processing letter...
  Fetching letter ב page 1...
  Fetching letter ב page 2...
  Fetching letter ב page 3...
  Found 54 definitions
  Scraping 1/54...
  Scraping 11/54...
  Scraping 21/54...
  Scraping 31/54...
  Scraping 41/54...
  Scraping 51/54...
  Inserted 383 definition-solution pairs
  Letter ב complete: 54 definitions

[ג] Processing letter...
  Fetching letter ג page 1...
  Fetching letter ג page 2...
  Found 28 definitions
  Scraping 1/28...
  Scraping 11/28...
  Scraping 21/28...
  Inserted 191 definition-solution pairs
  Letter ג complete: 28 definitions

[ד] Processing letter...
  Fetching letter ד page 1...
  Fetching letter ד page 2...
  Found 28 definitions
  Scraping 1/28...
  Scraping 11/28...
  Scraping 21/28...
  Inserted 325 definition-solution pairs
  Letter ד complete: 28 definitions

[ה] Processing letter...
  Fetching letter ה page 1...
  Fetching letter ה page 2...
  Fetching letter ה page 3...
  Fetching letter ה page 4...
  Fetching letter ה page 5...
  Found 84 definitions
  Scraping 1/84...
  Scraping 11/84...
  Scraping 21/84...
  Scraping 31/84...
  Scraping 41/84...
  Scraping 51/84...
  Scraping 61/84...
  Scraping 71/84...
  Scraping 81/84...
  Inserted 560 definition-solution pairs
  Letter ה complete: 84 definitions

[ו] Processing letter...
  Fetching letter ו page 1...
  Found 4 definitions
  Scraping 1/4...
  Inserted 24 definition-solution pairs
  Letter ו complete: 4 definitions

[ז] Processing letter...
  Fetching letter ז page 1...
  Found 16 definitions
  Scraping 1/16...
  Scraping 11/16...
  Inserted 296 definition-solution pairs
  Letter ז complete: 16 definitions

[ח] Processing letter...
  Fetching letter ח page 1...
  Fetching letter ח page 2...
  Fetching letter ח page 3...
  Fetching letter ח page 4...
  Found 62 definitions
  Scraping 1/62...
  Scraping 11/62...
  Scraping 21/62...
  Scraping 31/62...
  Scraping 41/62...
  Scraping 51/62...
  Scraping 61/62...
  Inserted 402 definition-solution pairs
  Letter ח complete: 61 definitions

[ט] Processing letter...
  Fetching letter ט page 1...
  Found 13 definitions
  Scraping 1/13...
  Scraping 11/13...
  Inserted 103 definition-solution pairs
  Letter ט complete: 13 definitions

[י] Processing letter...
  Fetching letter י page 1...
  Fetching letter י page 2...
  Found 36 definitions
  Scraping 1/36...
  Scraping 11/36...
  Scraping 21/36...
  Scraping 31/36...
  Inserted 338 definition-solution pairs
  Letter י complete: 35 definitions

[כ] Processing letter...
  Fetching letter כ page 1...
  Fetching letter כ page 2...
  Fetching letter כ page 3...
  Fetching letter כ page 4...
  Fetching letter כ page 5...
  Found 85 definitions
  Scraping 1/85...
  Scraping 11/85...
  Scraping 21/85...
  Scraping 31/85...
  Scraping 41/85...
  Scraping 51/85...
  Scraping 61/85...
  Scraping 71/85...
  Scraping 81/85...
  Inserted 652 definition-solution pairs
  Letter כ complete: 85 definitions

[ל] Processing letter...
  Fetching letter ל page 1...
  Fetching letter ל page 2...
  Found 37 definitions
  Scraping 1/37...
  Scraping 11/37...
  Scraping 21/37...
  Scraping 31/37...
  Inserted 245 definition-solution pairs
  Letter ל complete: 37 definitions

[מ] Processing letter...
  Fetching letter מ page 1...
  Fetching letter מ page 2...
  Fetching letter מ page 3...
  Fetching letter מ page 4...
  Fetching letter מ page 5...
  Fetching letter מ page 6...
  Fetching letter מ page 7...
  Fetching letter מ page 8...
  Fetching letter מ page 9...
  Fetching letter מ page 10...
  Fetching letter מ page 11...
  Fetching letter מ page 12...
  Fetching letter מ page 13...
  Fetching letter מ page 14...
  Fetching letter מ page 15...
  Fetching letter מ page 16...
  Found 307 definitions
  Scraping 1/307...
  Scraping 11/307...
  Scraping 21/307...
  Scraping 31/307...
  Scraping 41/307...
  Scraping 51/307...
  Scraping 61/307...
  Scraping 71/307...
  Scraping 81/307...
  Scraping 91/307...
  Scraping 101/307...
  Scraping 111/307...
  Scraping 121/307...
  Scraping 131/307...
  Scraping 141/307...
  Scraping 151/307...
  Scraping 161/307...
  Scraping 171/307...
  Scraping 181/307...
  Scraping 191/307...
  Scraping 201/307...
  Scraping 211/307...
  Scraping 221/307...
  Scraping 231/307...
  Scraping 241/307...
  Scraping 251/307...
  Scraping 261/307...
  Scraping 271/307...
  Scraping 281/307...
  Scraping 291/307...
  Scraping 301/307...
  Inserted 3485 definition-solution pairs
  Letter מ complete: 307 definitions

[נ] Processing letter...
  Fetching letter נ page 1...
  Fetching letter נ page 2...
  Fetching letter נ page 3...
  Found 44 definitions
  Scraping 1/44...
  Scraping 11/44...
  Scraping 21/44...
  Scraping 31/44...
  Scraping 41/44...
  Inserted 401 definition-solution pairs
  Letter נ complete: 44 definitions

[ס] Processing letter...
  Fetching letter ס page 1...
  Fetching letter ס page 2...
  Fetching letter ס page 3...
  Fetching letter ס page 4...
  Found 78 definitions
  Scrapin  Scraping  Scraping  Scraping  Scraping  Scraping  Scraping  Scraping  Scraping  Scraping  Scraping  Inserted  Scraping 61/78...
  Scraping 71/78...
  Inserted 966 definition-solution pairs
  Letter ס complete: 78 definitions

[ע] Processing letter...
  Fetching letter ע page 1...
  Fetching letter ע page 2...
  Fetching letter ע page 3...
  Fetching letter ע page 4...
  Fetching letter ע   Scraping 41/54...
  Scraping 51/54...
  Inserted 383 definition-solution pairs
  Letter ב  Scraping 31/89...
  Scraping 41/89...
  Scraping 51/89...
  Scraping 61/89...
  Scraping 71/89...
  Scraping 81/89...
  Inserted 1106 definition-solution pairs
  Letter ע complete: 89 definitions

[פ] Processing letter...
  Fetching letter פ page 1...
  Fetching letter פ page 2...
  Fetching letter פ page 3...
  Found 41 definitions
  Scraping 1/41...
  Scraping 11/41...
  Scraping 21/41...
  Scraping 31/41...
  Scraping 41/41...
  Inserted 502 definition-solution pairs
  Letter פ complete: 40 definitions

[צ] Processing letter...
  Fetching letter צ page 1...
  Fetching letter צ page 2...
  Found 32 definitions
  Scraping 1/32...
  Scraping 11/32...
  Scraping 21/32...
  Scraping 31/32...
  Inserted 440 definition-solution pairs
  Letter צ complete: 32 definitions

[ק] Processing letter...
  Fetching letter ק page 1...
  Fetching letter ק page 2...
  Fetching letter ק page 3...
  Inserted 560 definition-solution pairs
   Scraping 11/44...
  Scraping 21/44...
  Scraping 31/44...
  Scraping 41/44...
  Inserted 352 definition-solution pairs
  Letter ק complete: 44 definitions

[ר] Processing letter...
  Fetching letter ר page 1...
  Fetching letter ר page 2...
  Found 33 definitions
  Scraping 1/33...
  Scraping 11/33...
  Scraping 21/33...
  Scraping 31/33...
  Inserted 255 definition-solution pairs
  Letter ר complete: 33 definitions

[ש] Processing letter...
  Fetching letter ש page 1...
  Fetching letter ש page 2...
  Fetching letter ש page 3...
  Fetching letter ש page 4...
  Found 66 definitions
  Scraping 1/66...
  Scraping 11/66...
  Scraping 21/66...
  Scraping 31/66...
  Scraping 41/66...
  Scraping 51/66...
  Scraping 61/66...
  Inserted 708 definition-solution pairs
  Letter ש complete: 66 definitions

[ת] Processing letter...
  Fetching letter ת page 1...
  Fetching letter ת page 2...
  Found 38 definitions
  Scraping 1/38...
  Scraping 11/38...
  Scraping 21/38...
  Scraping 31/38...
  Inserted 262 definition-solution pairs
  Letter ת complete: 38 definitions

=== Scraping Complete ===
Total definitions: 1298
Total solutions: 12713
/36...
  Scraping 31/36...
  Inserted 338 definition-solution pairs
  Letter י complete: 35 definitions

[כ] Processing letter...
  Fetching letter כ page 1...
  Fetching letter כ page 2...
  Fetching letter כ page 3...
  Fetching letter כ page 4...
  Fetching letter כ page 5...
  Found 85 definitions
  Scraping 1/85...
  Scraping 11/85...
  Scraping 21/85...
  Scraping 31/85...
  Scraping 41/85...
  Scraping 51/85...
  Scraping 61/85...
  Scraping 71/85...
  Scraping 81/85...
  Inserted 652 definition-solution pairs
  Letter כ complete: 85 definitions

[ל] Processing letter...
  Fetching letter ל page 1...
  Fetching letter ל page 2...
  Found 37 definitions
  Scraping 1/37...
  Scraping 11/37...
  Scraping 21/37...
  Scraping 31/37...
  Inserted 245 definition-solution pairs
  Letter ל complete: 37 definitions

[מ] Processing letter...
  Fetching letter מ page 1...
  Fetching letter מ page 2...
  Fetching letter מ page 3...
  Fetching letter מ page 4...
  Fetching letter מ page 5...
  Fetching letter מ page 6...
  Fetching letter מ page 7...
  Fetching letter מ page 8...
  Fetching letter מ page 9...
  Fetching letter מ page 10...
  Fetching letter מ page 11...
  Fetching letter מ page 12...
  Fetching letter מ page 13...
  Fetching letter מ page 14...
  Fetching letter מ page 15...
  Fetching letter מ page 16...
  Found 307 definitions
  Scraping 1/307...
  Scraping 11/307...
  Scraping 21/307...
  Scraping 31/307...
  Scraping 41/307...
  Scraping 51/307...
  Scraping 61/307...
  Scraping 71/307...
  Scraping 81/307...
  Scraping 91/307...
  Scraping 101/307...
  Scraping 111/307...
  Scraping 121/307...
  Scraping 131/307...
  Scraping 141/307...
  Scraping 151/307...
  Scraping 161/307...
  Scraping 171/307...
  Scraping 181/307...
  Scraping 191/307...
  Scraping 201/307...
  Scraping 211/307...
  Scraping 221/307...
  Scraping 231/307...
  Scraping 241/307...
  Scraping 251/307...
  Scraping 261/307...
  Scraping 271/307...
  Scraping 281/307...
  Scraping 291/307...
  Scraping 301/307...
  Inserted 3485 definition-solution pairs
  Letter מ complete: 307 definitions

[נ] Processing letter...
  Fetching letter נ page 1...
  Fetching letter נ page 2...
  Fetching letter נ page 3...
  Found 44 definitions
  Scraping 1/44...
  Scraping 11/44...
  Scraping 21/44...
  Scraping 31/44...
  Scraping 41/44...
  Inserted 401 definition-solution pairs
  Letter נ complete: 44 definitions

[ס] Processing letter...
  Fetching letter ס page 1...
  Fetching letter ס page 2...
  Fetching letter ס page 3...
  Fetching letter ס page 4...
  Found 78 definitions
  Scraping 1/78...
  Scraping 11/78...
  Scraping 21/78...
  Scraping 31/78...
  Scraping 41/78...
  Scraping 51/78...
  Scraping 61/78...
  Scraping 71/78...
  Inserted 966 definition-solution pairs
  Letter ס complete: 78 definitions

[ע] Processing letter...
  Fetching letter ע page 1...
  Fetching letter ע page 2...
  Fetching letter ע page 3...
  Fetching letter ע page 4...
  Fetching letter ע page 5...
  Found 89 definitions
  Scraping 1/89...
  Scraping 11/89...
  Scraping 21/89...
  Scraping 31/89...
  Scraping 41/89...
  Scraping 51/89...
  Scraping 61/89...
  Scraping 71/89...
  Scraping 81/89...
  Inserted 1106 definition-solution pairs
  Letter ע complete: 89 definitions

[פ] Processing letter...
  Fetching letter פ page 1...
  Fetching letter פ page 2...
  Fetching letter פ page 3...
  Found 41 definitions
  Scraping 1/41...
  Scraping 11/41...
  Scraping 21/41...
  Scraping 31/41...
  Scraping 41/41...
  Inserted 502 definition-solution pairs
  Letter פ complete: 40 definitions

[צ] Processing letter...
  Fetching letter צ page 1...
  Fetching letter צ page 2...
  Found 32 definitions
  Scraping 1/32...
  Scraping 11/32...
  Scraping 21/32...
  Scraping 31/32...
  Inserted 440 definition-solution pairs
  Letter צ complete: 32 definitions

[ק] Processing letter...
  Fetching letter ק page 1...
  Fetching letter ק page 2...
  Fetching letter ק page 3...
  Found 44 definitions
  Scraping 1/44...
  Scraping 11/44...
  Scraping 21/44...
  Scraping 31/44...
  Scraping 41/44...
  Inserted 352 definition-solution pairs
  Letter ק complete: 44 definitions

[ר] Processing letter...
  Fetching letter ר page 1...
  Fetching letter ר page 2...
  Found 33 definitions
  Scraping 1/33...
  Scraping 11/33...
  Scraping 21/33...
  Scraping 31/33...
  Inserted 255 definition-solution pairs
  Letter ר complete: 33 definitions

[ש] Processing letter...
  Fetching letter ש page 1...
  Fetching letter ש page 2...
  Fetching letter ש page 3...
  Fetching letter ש page 4...
  Found 66 definitions
  Scraping 1/66...
  Scraping 11/66...
  Scraping 21/66...
  Scraping 31/66...
  Scraping 41/66...
  Scraping 51/66...
  Scraping 61/66...
  Inserted 708 definition-solution pairs
  Letter ש complete: 66 definitions

[ת] Processing letter...
  Fetching letter ת page 1...
  Fetching letter ת page 2...
  Found 38 definitions
  Scraping 1/38...
  Scraping 11/38...
  Scraping 21/38...
  Scraping 31/38...
  Inserted 262 definition-solution pairs
  Letter ת complete: 38 definitions

=== Scraping Complete ===
Total definitions: 1298
Total solutions: 12713
